  [1m[35m (822.6ms)[0m  [1m[35mCREATE DATABASE "project1_development" ENCODING = 'unicode'[0m
  ↳ bin/rails:9
  [1m[35m (353.5ms)[0m  [1m[35mCREATE DATABASE "project1_test" ENCODING = 'unicode'[0m
  ↳ bin/rails:9
  [1m[35m (111.2ms)[0m  [1m[35mCREATE TABLE "schema_migrations" ("version" character varying NOT NULL PRIMARY KEY)[0m
  ↳ bin/rails:9
  [1m[35m (5.3ms)[0m  [1m[35mCREATE TABLE "ar_internal_metadata" ("key" character varying NOT NULL PRIMARY KEY, "value" character varying, "created_at" timestamp NOT NULL, "updated_at" timestamp NOT NULL)[0m
  ↳ bin/rails:9
  [1m[35m (1.2ms)[0m  [1m[34mSELECT pg_try_advisory_lock(2234176694788494645)[0m
  ↳ bin/rails:9
  [1m[35m (1.6ms)[0m  [1m[34mSELECT "schema_migrations"."version" FROM "schema_migrations" ORDER BY "schema_migrations"."version" ASC[0m
  ↳ bin/rails:9
Migrating to CreateUsers (20200616161846)
  [1m[35m (0.6ms)[0m  [1m[35mBEGIN[0m
  ↳ bin/rails:9
  [1m[35m (5.4ms)[0m  [1m[31mROLLBACK[0m
  ↳ bin/rails:9
  [1m[35m (0.4ms)[0m  [1m[34mSELECT pg_advisory_unlock(2234176694788494645)[0m
  ↳ bin/rails:9
  [1m[35m (0.3ms)[0m  [1m[34mSELECT pg_try_advisory_lock(2234176694788494645)[0m
  ↳ bin/rails:9
  [1m[35m (1.9ms)[0m  [1m[34mSELECT "schema_migrations"."version" FROM "schema_migrations" ORDER BY "schema_migrations"."version" ASC[0m
  ↳ bin/rails:9
Migrating to CreateUsers (20200616161846)
  [1m[35m (0.3ms)[0m  [1m[35mBEGIN[0m
  ↳ bin/rails:9
  [1m[35m (22.5ms)[0m  [1m[35mCREATE TABLE "users" ("id" bigserial primary key, "username" character varying NOT NULL, "password_digest" character varying NOT NULL, "session_token" character varying NOT NULL, "created_at" timestamp NOT NULL, "updated_at" timestamp NOT NULL)[0m
  ↳ db/migrate/20200616161846_create_users.rb:3
  [1m[36mActiveRecord::SchemaMigration Create (14.6ms)[0m  [1m[32mINSERT INTO "schema_migrations" ("version") VALUES ($1) RETURNING "version"[0m  [["version", "20200616161846"]]
  ↳ bin/rails:9
  [1m[35m (0.8ms)[0m  [1m[35mCOMMIT[0m
  ↳ bin/rails:9
  [1m[36mActiveRecord::InternalMetadata Load (2.4ms)[0m  [1m[34mSELECT  "ar_internal_metadata".* FROM "ar_internal_metadata" WHERE "ar_internal_metadata"."key" = $1 LIMIT $2[0m  [["key", "environment"], ["LIMIT", 1]]
  ↳ bin/rails:9
  [1m[35m (0.3ms)[0m  [1m[35mBEGIN[0m
  ↳ bin/rails:9
  [1m[36mActiveRecord::InternalMetadata Create (2.8ms)[0m  [1m[32mINSERT INTO "ar_internal_metadata" ("key", "value", "created_at", "updated_at") VALUES ($1, $2, $3, $4) RETURNING "key"[0m  [["key", "environment"], ["value", "development"], ["created_at", "2020-06-16 16:20:40.352570"], ["updated_at", "2020-06-16 16:20:40.352570"]]
  ↳ bin/rails:9
  [1m[35m (1.7ms)[0m  [1m[35mCOMMIT[0m
  ↳ bin/rails:9
  [1m[35m (0.4ms)[0m  [1m[34mSELECT pg_advisory_unlock(2234176694788494645)[0m
  ↳ bin/rails:9
  [1m[35m (0.8ms)[0m  [1m[34mSELECT "schema_migrations"."version" FROM "schema_migrations" ORDER BY "schema_migrations"."version" ASC[0m
  ↳ bin/rails:9
Started GET "/" for ::1 at 2020-06-16 12:39:22 -0400
  [1m[35m (1.9ms)[0m  [1m[34mSELECT "schema_migrations"."version" FROM "schema_migrations" ORDER BY "schema_migrations"."version" ASC[0m
  ↳ /Users/sushilthapa/.rvm/gems/ruby-2.5.0/gems/activerecord-5.2.4.3/lib/active_record/log_subscriber.rb:98
Processing by Rails::WelcomeController#index as HTML
  Rendering /Users/sushilthapa/.rvm/gems/ruby-2.5.0/gems/railties-5.2.4.3/lib/rails/templates/rails/welcome/index.html.erb
  Rendered /Users/sushilthapa/.rvm/gems/ruby-2.5.0/gems/railties-5.2.4.3/lib/rails/templates/rails/welcome/index.html.erb (7.7ms)
Completed 200 OK in 32ms (Views: 17.5ms | ActiveRecord: 0.0ms)


  [1m[36mUser Load (2.0ms)[0m  [1m[34mSELECT  "users".* FROM "users" LIMIT $1[0m  [["LIMIT", 11]]
  [1m[36mUser Load (0.7ms)[0m  [1m[34mSELECT  "users".* FROM "users" WHERE "users"."username" = $1 LIMIT $2[0m  [["username", "sushilt553"], ["LIMIT", 1]]
  [1m[35m (0.3ms)[0m  [1m[35mBEGIN[0m
  [1m[36mUser Exists (0.5ms)[0m  [1m[34mSELECT  1 AS one FROM "users" WHERE "users"."username" = $1 LIMIT $2[0m  [["username", "sushilt553"], ["LIMIT", 1]]
  [1m[36mUser Create (4.1ms)[0m  [1m[32mINSERT INTO "users" ("username", "password_digest", "session_token", "created_at", "updated_at") VALUES ($1, $2, $3, $4, $5) RETURNING "id"[0m  [["username", "sushilt553"], ["password_digest", "$2a$12$vnCvtGfYw0tD3NlHUZH6IeQKV0u8MhJQ8i2c8M2o12M3n4nh7LR/i"], ["session_token", "WVb6dse5aBdneTuR0fzrKQ"], ["created_at", "2020-06-16 16:50:54.582694"], ["updated_at", "2020-06-16 16:50:54.582694"]]
  [1m[35m (0.7ms)[0m  [1m[35mCOMMIT[0m
  [1m[36mUser Load (8.2ms)[0m  [1m[34mSELECT "users".* FROM "users"[0m
  [1m[36mUser Load (2.5ms)[0m  [1m[34mSELECT  "users".* FROM "users" WHERE "users"."username" = $1 LIMIT $2[0m  [["username", "sushilt553"], ["LIMIT", 1]]
Started GET "/users/new" for ::1 at 2020-06-16 12:53:19 -0400
Processing by UsersController#new as HTML
Completed 500 Internal Server Error in 11ms (ActiveRecord: 0.0ms)


  
ActionView::MissingTemplate (Missing template users/new, application/new with {:locale=>[:en], :formats=>[:html], :variants=>[], :handlers=>[:raw, :erb, :html, :builder, :ruby, :coffee, :jbuilder]}. Searched in:
  * "/Users/sushilthapa/Desktop/project1/app/views"
):
  
app/controllers/users_controller.rb:4:in `new'
Started GET "/users/new" for ::1 at 2020-06-16 12:54:33 -0400
  [1m[35m (3.0ms)[0m  [1m[34mSELECT "schema_migrations"."version" FROM "schema_migrations" ORDER BY "schema_migrations"."version" ASC[0m
  ↳ /Users/sushilthapa/.rvm/gems/ruby-2.5.0/gems/activerecord-5.2.4.3/lib/active_record/log_subscriber.rb:98
Processing by UsersController#new as HTML
Completed 500 Internal Server Error in 23ms (ActiveRecord: 0.0ms)



ActionView::MissingTemplate - Missing template users/new, application/new with {:locale=>[:en], :formats=>[:html], :variants=>[], :handlers=>[:raw, :erb, :html, :builder, :ruby, :coffee, :jbuilder]}. Searched in:
  * "/Users/sushilthapa/Desktop/project1/app/views"
:
  app/controllers/users_controller.rb:4:in `new'

Started GET "/users/new" for ::1 at 2020-06-16 12:54:34 -0400
Processing by UsersController#new as HTML
Completed 500 Internal Server Error in 4ms (ActiveRecord: 0.0ms)



ActionView::MissingTemplate - Missing template users/new, application/new with {:locale=>[:en], :formats=>[:html], :variants=>[], :handlers=>[:raw, :erb, :html, :builder, :ruby, :coffee, :jbuilder]}. Searched in:
  * "/Users/sushilthapa/Desktop/project1/app/views"
:
  app/controllers/users_controller.rb:4:in `new'

Started POST "/__better_errors/458224350814a278/variables" for ::1 at 2020-06-16 12:54:35 -0400
Started GET "/users/new" for ::1 at 2020-06-16 12:54:36 -0400
Processing by UsersController#new as HTML
Completed 500 Internal Server Error in 6ms (ActiveRecord: 0.0ms)



ActionView::MissingTemplate - Missing template users/new, application/new with {:locale=>[:en], :formats=>[:html], :variants=>[], :handlers=>[:raw, :erb, :html, :builder, :ruby, :coffee, :jbuilder]}. Searched in:
  * "/Users/sushilthapa/Desktop/project1/app/views"
:
  app/controllers/users_controller.rb:4:in `new'

Started POST "/__better_errors/321236e96d81d7a9/variables" for ::1 at 2020-06-16 12:54:36 -0400
Started GET "/users/new" for ::1 at 2020-06-16 12:54:38 -0400
Processing by UsersController#new as HTML
Completed 500 Internal Server Error in 6ms (ActiveRecord: 0.0ms)



ActionView::MissingTemplate - Missing template users/new, application/new with {:locale=>[:en], :formats=>[:html], :variants=>[], :handlers=>[:raw, :erb, :html, :builder, :ruby, :coffee, :jbuilder]}. Searched in:
  * "/Users/sushilthapa/Desktop/project1/app/views"
:
  app/controllers/users_controller.rb:4:in `new'

Started POST "/__better_errors/a22d468d452bf11d/variables" for ::1 at 2020-06-16 12:54:38 -0400
Started GET "/users/new" for ::1 at 2020-06-16 12:54:40 -0400
Processing by UsersController#new as HTML
Completed 500 Internal Server Error in 6ms (ActiveRecord: 0.0ms)



ActionView::MissingTemplate - Missing template users/new, application/new with {:locale=>[:en], :formats=>[:html], :variants=>[], :handlers=>[:raw, :erb, :html, :builder, :ruby, :coffee, :jbuilder]}. Searched in:
  * "/Users/sushilthapa/Desktop/project1/app/views"
:
  app/controllers/users_controller.rb:4:in `new'

Started POST "/__better_errors/d0d4b03101f7b949/variables" for ::1 at 2020-06-16 12:54:40 -0400
Started GET "/users/new" for ::1 at 2020-06-16 12:56:37 -0400
Processing by UsersController#new as HTML
Completed 500 Internal Server Error in 28ms (ActiveRecord: 0.0ms)



ActionView::MissingTemplate - Missing template users/new, application/new with {:locale=>[:en], :formats=>[:html], :variants=>[], :handlers=>[:raw, :erb, :html, :builder, :ruby, :coffee, :jbuilder]}. Searched in:
  * "/Users/sushilthapa/Desktop/project1/app/views"
:
  app/controllers/users_controller.rb:4:in `new'

Started POST "/__better_errors/543b93d07ec3f413/variables" for ::1 at 2020-06-16 12:56:37 -0400
Started GET "/users/new" for ::1 at 2020-06-16 12:56:49 -0400
Processing by UsersController#new as HTML
  Rendering users/new.html.erb within layouts/application
  Rendered users/new.html.erb within layouts/application (43.1ms)
Completed 200 OK in 1028ms (Views: 1026.9ms | ActiveRecord: 0.0ms)


Started GET "/users/new" for ::1 at 2020-06-16 12:56:50 -0400
Processing by UsersController#new as HTML
  Rendering users/new.html.erb within layouts/application
  Rendered users/new.html.erb within layouts/application (0.5ms)
Completed 200 OK in 45ms (Views: 44.4ms | ActiveRecord: 0.0ms)


Started GET "/users/new" for ::1 at 2020-06-16 12:59:39 -0400
Processing by UsersController#new as HTML
  Rendering users/new.html.erb within layouts/application
  Rendered users/new.html.erb within layouts/application (0.8ms)
Completed 200 OK in 64ms (Views: 63.1ms | ActiveRecord: 0.0ms)


Started POST "/users" for ::1 at 2020-06-16 13:00:19 -0400
Processing by UsersController#create as HTML
  Parameters: {"user"=>{"username"=>"sfafsdsdf", "password"=>"[FILTERED]"}}
Can't verify CSRF token authenticity.
Completed 422 Unprocessable Entity in 2ms (ActiveRecord: 0.0ms)



ActionController::InvalidAuthenticityToken - ActionController::InvalidAuthenticityToken:

Started POST "/__better_errors/a5ca611c3ef6e9a2/variables" for ::1 at 2020-06-16 13:00:19 -0400
Started POST "/__better_errors/a5ca611c3ef6e9a2/eval" for ::1 at 2020-06-16 13:00:24 -0400
Started POST "/users" for ::1 at 2020-06-16 13:00:59 -0400
Processing by UsersController#create as HTML
  Parameters: {"user"=>{"username"=>"sfafsdsdf", "password"=>"[FILTERED]"}}
Can't verify CSRF token authenticity.
Completed 422 Unprocessable Entity in 2ms (ActiveRecord: 0.0ms)



ActionController::InvalidAuthenticityToken - ActionController::InvalidAuthenticityToken:

Started POST "/__better_errors/c7618aacf54fc11b/variables" for ::1 at 2020-06-16 13:01:00 -0400
Started GET "/users" for ::1 at 2020-06-16 13:01:03 -0400
  
ActionController::RoutingError (No route matches [GET] "/users"):
  
actionpack (5.2.4.3) lib/action_dispatch/middleware/debug_exceptions.rb:65:in `call'
web-console (3.7.0) lib/web_console/middleware.rb:135:in `call_app'
web-console (3.7.0) lib/web_console/middleware.rb:30:in `block in call'
web-console (3.7.0) lib/web_console/middleware.rb:20:in `catch'
web-console (3.7.0) lib/web_console/middleware.rb:20:in `call'
actionpack (5.2.4.3) lib/action_dispatch/middleware/show_exceptions.rb:33:in `call'
railties (5.2.4.3) lib/rails/rack/logger.rb:38:in `call_app'
railties (5.2.4.3) lib/rails/rack/logger.rb:26:in `block in call'
activesupport (5.2.4.3) lib/active_support/tagged_logging.rb:71:in `block in tagged'
activesupport (5.2.4.3) lib/active_support/tagged_logging.rb:28:in `tagged'
activesupport (5.2.4.3) lib/active_support/tagged_logging.rb:71:in `tagged'
railties (5.2.4.3) lib/rails/rack/logger.rb:26:in `call'
sprockets-rails (3.2.1) lib/sprockets/rails/quiet_assets.rb:13:in `call'
actionpack (5.2.4.3) lib/action_dispatch/middleware/remote_ip.rb:81:in `call'
actionpack (5.2.4.3) lib/action_dispatch/middleware/request_id.rb:27:in `call'
rack (2.2.2) lib/rack/method_override.rb:24:in `call'
rack (2.2.2) lib/rack/runtime.rb:22:in `call'
activesupport (5.2.4.3) lib/active_support/cache/strategy/local_cache_middleware.rb:29:in `call'
actionpack (5.2.4.3) lib/action_dispatch/middleware/executor.rb:14:in `call'
actionpack (5.2.4.3) lib/action_dispatch/middleware/static.rb:127:in `call'
rack (2.2.2) lib/rack/sendfile.rb:110:in `call'
railties (5.2.4.3) lib/rails/engine.rb:524:in `call'
puma (3.12.6) lib/puma/configuration.rb:227:in `call'
puma (3.12.6) lib/puma/server.rb:706:in `handle_request'
puma (3.12.6) lib/puma/server.rb:476:in `process_client'
puma (3.12.6) lib/puma/server.rb:334:in `block in run'
puma (3.12.6) lib/puma/thread_pool.rb:135:in `block in spawn_thread'
Started GET "/users" for ::1 at 2020-06-16 13:01:11 -0400
  
ActionController::RoutingError (No route matches [GET] "/users"):
  
actionpack (5.2.4.3) lib/action_dispatch/middleware/debug_exceptions.rb:65:in `call'
web-console (3.7.0) lib/web_console/middleware.rb:135:in `call_app'
web-console (3.7.0) lib/web_console/middleware.rb:30:in `block in call'
web-console (3.7.0) lib/web_console/middleware.rb:20:in `catch'
web-console (3.7.0) lib/web_console/middleware.rb:20:in `call'
actionpack (5.2.4.3) lib/action_dispatch/middleware/show_exceptions.rb:33:in `call'
railties (5.2.4.3) lib/rails/rack/logger.rb:38:in `call_app'
railties (5.2.4.3) lib/rails/rack/logger.rb:26:in `block in call'
activesupport (5.2.4.3) lib/active_support/tagged_logging.rb:71:in `block in tagged'
activesupport (5.2.4.3) lib/active_support/tagged_logging.rb:28:in `tagged'
activesupport (5.2.4.3) lib/active_support/tagged_logging.rb:71:in `tagged'
railties (5.2.4.3) lib/rails/rack/logger.rb:26:in `call'
sprockets-rails (3.2.1) lib/sprockets/rails/quiet_assets.rb:13:in `call'
actionpack (5.2.4.3) lib/action_dispatch/middleware/remote_ip.rb:81:in `call'
actionpack (5.2.4.3) lib/action_dispatch/middleware/request_id.rb:27:in `call'
rack (2.2.2) lib/rack/method_override.rb:24:in `call'
rack (2.2.2) lib/rack/runtime.rb:22:in `call'
activesupport (5.2.4.3) lib/active_support/cache/strategy/local_cache_middleware.rb:29:in `call'
actionpack (5.2.4.3) lib/action_dispatch/middleware/executor.rb:14:in `call'
actionpack (5.2.4.3) lib/action_dispatch/middleware/static.rb:127:in `call'
rack (2.2.2) lib/rack/sendfile.rb:110:in `call'
railties (5.2.4.3) lib/rails/engine.rb:524:in `call'
puma (3.12.6) lib/puma/configuration.rb:227:in `call'
puma (3.12.6) lib/puma/server.rb:706:in `handle_request'
puma (3.12.6) lib/puma/server.rb:476:in `process_client'
puma (3.12.6) lib/puma/server.rb:334:in `block in run'
puma (3.12.6) lib/puma/thread_pool.rb:135:in `block in spawn_thread'
Started GET "/users" for ::1 at 2020-06-16 13:01:14 -0400
  
ActionController::RoutingError (No route matches [GET] "/users"):
  
actionpack (5.2.4.3) lib/action_dispatch/middleware/debug_exceptions.rb:65:in `call'
web-console (3.7.0) lib/web_console/middleware.rb:135:in `call_app'
web-console (3.7.0) lib/web_console/middleware.rb:30:in `block in call'
web-console (3.7.0) lib/web_console/middleware.rb:20:in `catch'
web-console (3.7.0) lib/web_console/middleware.rb:20:in `call'
actionpack (5.2.4.3) lib/action_dispatch/middleware/show_exceptions.rb:33:in `call'
railties (5.2.4.3) lib/rails/rack/logger.rb:38:in `call_app'
railties (5.2.4.3) lib/rails/rack/logger.rb:26:in `block in call'
activesupport (5.2.4.3) lib/active_support/tagged_logging.rb:71:in `block in tagged'
activesupport (5.2.4.3) lib/active_support/tagged_logging.rb:28:in `tagged'
activesupport (5.2.4.3) lib/active_support/tagged_logging.rb:71:in `tagged'
railties (5.2.4.3) lib/rails/rack/logger.rb:26:in `call'
sprockets-rails (3.2.1) lib/sprockets/rails/quiet_assets.rb:13:in `call'
actionpack (5.2.4.3) lib/action_dispatch/middleware/remote_ip.rb:81:in `call'
actionpack (5.2.4.3) lib/action_dispatch/middleware/request_id.rb:27:in `call'
rack (2.2.2) lib/rack/method_override.rb:24:in `call'
rack (2.2.2) lib/rack/runtime.rb:22:in `call'
activesupport (5.2.4.3) lib/active_support/cache/strategy/local_cache_middleware.rb:29:in `call'
actionpack (5.2.4.3) lib/action_dispatch/middleware/executor.rb:14:in `call'
actionpack (5.2.4.3) lib/action_dispatch/middleware/static.rb:127:in `call'
rack (2.2.2) lib/rack/sendfile.rb:110:in `call'
railties (5.2.4.3) lib/rails/engine.rb:524:in `call'
puma (3.12.6) lib/puma/configuration.rb:227:in `call'
puma (3.12.6) lib/puma/server.rb:706:in `handle_request'
puma (3.12.6) lib/puma/server.rb:476:in `process_client'
puma (3.12.6) lib/puma/server.rb:334:in `block in run'
puma (3.12.6) lib/puma/thread_pool.rb:135:in `block in spawn_thread'
Started GET "/users/new" for ::1 at 2020-06-16 13:01:18 -0400
Processing by UsersController#new as HTML
  Rendering users/new.html.erb within layouts/application
  Rendered users/new.html.erb within layouts/application (1.5ms)
Completed 200 OK in 63ms (Views: 61.6ms | ActiveRecord: 0.0ms)


Started POST "/users" for ::1 at 2020-06-16 13:01:22 -0400
Processing by UsersController#create as HTML
  Parameters: {"authenticity_token"=>"n5TmfdEQEZLfopZM0U/nUTjUCRD8K7gffYYcsEXK/Xcn9Jzvx3ame2F02JLd31kl7xRKQ+127wpjTxO7y6YrBQ==", "user"=>{"username"=>"sushil", "password"=>"[FILTERED]"}}
Completed 500 Internal Server Error in 2ms (ActiveRecord: 0.0ms)



RuntimeError - :
  app/controllers/users_controller.rb:8:in `create'

Started POST "/__better_errors/16b60de786733bb0/variables" for ::1 at 2020-06-16 13:01:22 -0400
Started POST "/__better_errors/16b60de786733bb0/eval" for ::1 at 2020-06-16 13:01:26 -0400
Started GET "/users/new" for ::1 at 2020-06-16 13:14:46 -0400
Processing by UsersController#new as HTML
  Rendering users/new.html.erb within layouts/application
  Rendered users/new.html.erb within layouts/application (1.0ms)
Completed 200 OK in 136ms (Views: 134.7ms | ActiveRecord: 0.0ms)


Started POST "/users" for ::1 at 2020-06-16 13:14:52 -0400
Processing by UsersController#create as HTML
  Parameters: {"authenticity_token"=>"BzdQr0jHEwKUAxmKmpdyKV2cKeAXAZoBY2r3v6p+EVu/Vyo9XqGk6yrVV1SWB8xdilxqswZczRR9o/i0JBLHKQ==", "user"=>{"username"=>"sushil", "password"=>"[FILTERED]"}}
  [1m[35m (6.8ms)[0m  [1m[35mBEGIN[0m
  ↳ app/controllers/users_controller.rb:10
  [1m[36mUser Exists (1.7ms)[0m  [1m[34mSELECT  1 AS one FROM "users" WHERE "users"."username" = $1 LIMIT $2[0m  [["username", "sushil"], ["LIMIT", 1]]
  ↳ app/controllers/users_controller.rb:10
  [1m[36mUser Create (4.5ms)[0m  [1m[32mINSERT INTO "users" ("username", "password_digest", "session_token", "created_at", "updated_at") VALUES ($1, $2, $3, $4, $5) RETURNING "id"[0m  [["username", "sushil"], ["password_digest", "$2a$12$ovicyRvodfns8bPV8yyU6eYJttZde9UmoAObG2yYnjWs7CZDKukrq"], ["session_token", "GcIiKaZIQyriyHO-kkK1dQ"], ["created_at", "2020-06-16 17:14:52.565684"], ["updated_at", "2020-06-16 17:14:52.565684"]]
  ↳ app/controllers/users_controller.rb:10
  [1m[35m (1.2ms)[0m  [1m[35mCOMMIT[0m
  ↳ app/controllers/users_controller.rb:10
  [1m[35m (0.3ms)[0m  [1m[35mBEGIN[0m
  ↳ app/models/user.rb:22
  [1m[36mUser Exists (1.8ms)[0m  [1m[34mSELECT  1 AS one FROM "users" WHERE "users"."username" = $1 AND "users"."id" != $2 LIMIT $3[0m  [["username", "sushil"], ["id", 2], ["LIMIT", 1]]
  ↳ app/models/user.rb:22
  [1m[36mUser Update (9.6ms)[0m  [1m[33mUPDATE "users" SET "session_token" = $1, "updated_at" = $2 WHERE "users"."id" = $3[0m  [["session_token", "O-1tpuzORVIFKSSlDxFJ6Q"], ["updated_at", "2020-06-16 17:14:52.623463"], ["id", 2]]
  ↳ app/models/user.rb:22
  [1m[35m (0.7ms)[0m  [1m[35mCOMMIT[0m
  ↳ app/models/user.rb:22
No template found for UsersController#create, rendering head :no_content
Completed 204 No Content in 757ms (ActiveRecord: 80.5ms)


  [1m[36mUser Load (1.5ms)[0m  [1m[34mSELECT "users".* FROM "users"[0m
